[26-Jul-2023 23:47:32 UTC] PHP Fatal error:  Uncaught TypeError: call_user_func_array(): Argument #1 ($callback) must be a valid callback, function "theme_enqueue_styles" not found or invalid function name in C:\Users\gruau\OneDrive\Documents\Openclassroom\Projet 9\app\public\wp-includes\class-wp-hook.php:308
Stack trace:
#0 C:\Users\gruau\OneDrive\Documents\Openclassroom\Projet 9\app\public\wp-includes\class-wp-hook.php(332): WP_Hook->apply_filters(NULL, Array)
#1 C:\Users\gruau\OneDrive\Documents\Openclassroom\Projet 9\app\public\wp-includes\plugin.php(517): WP_Hook->do_action(Array)
#2 C:\Users\gruau\OneDrive\Documents\Openclassroom\Projet 9\app\public\wp-includes\script-loader.php(2194): do_action('wp_enqueue_scri...')
#3 C:\Users\gruau\OneDrive\Documents\Openclassroom\Projet 9\app\public\wp-includes\class-wp-hook.php(308): wp_enqueue_scripts('')
#4 C:\Users\gruau\OneDrive\Documents\Openclassroom\Projet 9\app\public\wp-includes\class-wp-hook.php(332): WP_Hook->apply_filters(NULL, Array)
#5 C:\Users\gruau\OneDrive\Documents\Openclassroom\Projet 9\app\public\wp-includes\plugin.php(517): WP_Hook->do_action(Array)
#6 C:\Users\gruau\OneDrive\Documents\Openclassroom\Projet 9\app\public\wp-includes\general-template.php(3049): do_action('wp_head')
#7 C:\Users\gruau\OneDrive\Documents\Openclassroom\Projet 9\app\public\wp-content\themes\foce\header.php(20): wp_head()
#8 C:\Users\gruau\OneDrive\Documents\Openclassroom\Projet 9\app\public\wp-includes\template.php(783): require_once('C:\\Users\\gruau\\...')
#9 C:\Users\gruau\OneDrive\Documents\Openclassroom\Projet 9\app\public\wp-includes\template.php(718): load_template('C:\\Users\\gruau\\...', true, Array)
#10 C:\Users\gruau\OneDrive\Documents\Openclassroom\Projet 9\app\public\wp-includes\general-template.php(48): locate_template(Array, true, true, Array)
#11 C:\Users\gruau\OneDrive\Documents\Openclassroom\Projet 9\app\public\wp-content\themes\foce\front-page.php(3): get_header()
#12 C:\Users\gruau\OneDrive\Documents\Openclassroom\Projet 9\app\public\wp-includes\template-loader.php(106): include('C:\\Users\\gruau\\...')
#13 C:\Users\gruau\OneDrive\Documents\Openclassroom\Projet 9\app\public\wp-blog-header.php(19): require_once('C:\\Users\\gruau\\...')
#14 C:\Users\gruau\OneDrive\Documents\Openclassroom\Projet 9\app\public\index.php(17): require('C:\\Users\\gruau\\...')
#15 {main}
  thrown in C:\Users\gruau\OneDrive\Documents\Openclassroom\Projet 9\app\public\wp-includes\class-wp-hook.php on line 308
[10-Aug-2023 13:01:17 UTC] PHP Warning:  Undefined variable $characters_query in C:\Users\gruau\OneDrive\Documents\Openclassroom\Projet 9\app\public\wp-content\themes\foce-child\template-parts\characters.php on line 5
[10-Aug-2023 13:01:17 UTC] PHP Warning:  Attempt to read property "posts" on null in C:\Users\gruau\OneDrive\Documents\Openclassroom\Projet 9\app\public\wp-content\themes\foce-child\template-parts\characters.php on line 5
[10-Aug-2023 13:01:17 UTC] PHP Warning:  Trying to access array offset on value of type null in C:\Users\gruau\OneDrive\Documents\Openclassroom\Projet 9\app\public\wp-content\themes\foce-child\template-parts\characters.php on line 5
[10-Aug-2023 13:01:17 UTC] PHP Warning:  Attempt to read property "ID" on null in C:\Users\gruau\OneDrive\Documents\Openclassroom\Projet 9\app\public\wp-content\themes\foce-child\template-parts\characters.php on line 7
[10-Aug-2023 13:01:17 UTC] PHP Warning:  Attempt to read property "post_title" on null in C:\Users\gruau\OneDrive\Documents\Openclassroom\Projet 9\app\public\wp-content\themes\foce-child\template-parts\characters.php on line 8
[10-Aug-2023 13:01:17 UTC] PHP Warning:  Undefined variable $characters_query in C:\Users\gruau\OneDrive\Documents\Openclassroom\Projet 9\app\public\wp-content\themes\foce-child\template-parts\characters.php on line 10
[10-Aug-2023 13:01:17 UTC] PHP Fatal error:  Uncaught Error: Call to a member function next_post() on null in C:\Users\gruau\OneDrive\Documents\Openclassroom\Projet 9\app\public\wp-content\themes\foce-child\template-parts\characters.php:10
Stack trace:
#0 C:\Users\gruau\OneDrive\Documents\Openclassroom\Projet 9\app\public\wp-includes\template.php(785): require()
#1 C:\Users\gruau\OneDrive\Documents\Openclassroom\Projet 9\app\public\wp-includes\template.php(718): load_template('C:\\Users\\gruau\\...', false, Array)
#2 C:\Users\gruau\OneDrive\Documents\Openclassroom\Projet 9\app\public\wp-includes\general-template.php(204): locate_template(Array, true, false, Array)
#3 C:\Users\gruau\OneDrive\Documents\Openclassroom\Projet 9\app\public\wp-content\themes\foce-child\front-page.php(33): get_template_part('template-parts/...')
#4 C:\Users\gruau\OneDrive\Documents\Openclassroom\Projet 9\app\public\wp-includes\template-loader.php(106): include('C:\\Users\\gruau\\...')
#5 C:\Users\gruau\OneDrive\Documents\Openclassroom\Projet 9\app\public\wp-blog-header.php(19): require_once('C:\\Users\\gruau\\...')
#6 C:\Users\gruau\OneDrive\Documents\Openclassroom\Projet 9\app\public\index.php(17): require('C:\\Users\\gruau\\...')
#7 {main}
  thrown in C:\Users\gruau\OneDrive\Documents\Openclassroom\Projet 9\app\public\wp-content\themes\foce-child\template-parts\characters.php on line 10
[13-Aug-2023 15:47:09 UTC] PHP Warning:  Undefined variable $characters_query in C:\Users\gruau\OneDrive\Documents\Openclassroom\Projet 9\app\public\wp-content\themes\foce-child\template-parts\characters.php on line 6
[13-Aug-2023 15:47:09 UTC] PHP Fatal error:  Uncaught Error: Call to a member function have_posts() on null in C:\Users\gruau\OneDrive\Documents\Openclassroom\Projet 9\app\public\wp-content\themes\foce-child\template-parts\characters.php:6
Stack trace:
#0 C:\Users\gruau\OneDrive\Documents\Openclassroom\Projet 9\app\public\wp-includes\template.php(787): require()
#1 C:\Users\gruau\OneDrive\Documents\Openclassroom\Projet 9\app\public\wp-includes\template.php(720): load_template('C:\\Users\\gruau\\...', false, Array)
#2 C:\Users\gruau\OneDrive\Documents\Openclassroom\Projet 9\app\public\wp-includes\general-template.php(206): locate_template(Array, true, false, Array)
#3 C:\Users\gruau\OneDrive\Documents\Openclassroom\Projet 9\app\public\wp-content\themes\foce-child\front-page.php(36): get_template_part('template-parts/...')
#4 C:\Users\gruau\OneDrive\Documents\Openclassroom\Projet 9\app\public\wp-includes\template-loader.php(106): include('C:\\Users\\gruau\\...')
#5 C:\Users\gruau\OneDrive\Documents\Openclassroom\Projet 9\app\public\wp-blog-header.php(19): require_once('C:\\Users\\gruau\\...')
#6 C:\Users\gruau\OneDrive\Documents\Openclassroom\Projet 9\app\public\index.php(17): require('C:\\Users\\gruau\\...')
#7 {main}
  thrown in C:\Users\gruau\OneDrive\Documents\Openclassroom\Projet 9\app\public\wp-content\themes\foce-child\template-parts\characters.php on line 6
[13-Aug-2023 15:48:17 UTC] PHP Warning:  Undefined variable $characters_query in C:\Users\gruau\OneDrive\Documents\Openclassroom\Projet 9\app\public\wp-content\themes\foce-child\template-parts\characters.php on line 6
[13-Aug-2023 15:48:17 UTC] PHP Fatal error:  Uncaught Error: Call to a member function have_posts() on null in C:\Users\gruau\OneDrive\Documents\Openclassroom\Projet 9\app\public\wp-content\themes\foce-child\template-parts\characters.php:6
Stack trace:
#0 C:\Users\gruau\OneDrive\Documents\Openclassroom\Projet 9\app\public\wp-includes\template.php(787): require()
#1 C:\Users\gruau\OneDrive\Documents\Openclassroom\Projet 9\app\public\wp-includes\template.php(720): load_template('C:\\Users\\gruau\\...', false, Array)
#2 C:\Users\gruau\OneDrive\Documents\Openclassroom\Projet 9\app\public\wp-includes\general-template.php(206): locate_template(Array, true, false, Array)
#3 C:\Users\gruau\OneDrive\Documents\Openclassroom\Projet 9\app\public\wp-content\themes\foce-child\front-page.php(36): get_template_part('template-parts/...')
#4 C:\Users\gruau\OneDrive\Documents\Openclassroom\Projet 9\app\public\wp-includes\template-loader.php(106): include('C:\\Users\\gruau\\...')
#5 C:\Users\gruau\OneDrive\Documents\Openclassroom\Projet 9\app\public\wp-blog-header.php(19): require_once('C:\\Users\\gruau\\...')
#6 C:\Users\gruau\OneDrive\Documents\Openclassroom\Projet 9\app\public\index.php(17): require('C:\\Users\\gruau\\...')
#7 {main}
  thrown in C:\Users\gruau\OneDrive\Documents\Openclassroom\Projet 9\app\public\wp-content\themes\foce-child\template-parts\characters.php on line 6
[13-Aug-2023 16:30:23 UTC] PHP Warning:  Undefined variable $characters_query in C:\Users\gruau\OneDrive\Documents\Openclassroom\Projet 9\app\public\wp-content\themes\foce-child\front-page.php on line 29
[13-Aug-2023 16:30:23 UTC] PHP Fatal error:  Uncaught Error: Call to a member function have_posts() on null in C:\Users\gruau\OneDrive\Documents\Openclassroom\Projet 9\app\public\wp-content\themes\foce-child\front-page.php:29
Stack trace:
#0 C:\Users\gruau\OneDrive\Documents\Openclassroom\Projet 9\app\public\wp-includes\template-loader.php(106): include()
#1 C:\Users\gruau\OneDrive\Documents\Openclassroom\Projet 9\app\public\wp-blog-header.php(19): require_once('C:\\Users\\gruau\\...')
#2 C:\Users\gruau\OneDrive\Documents\Openclassroom\Projet 9\app\public\index.php(17): require('C:\\Users\\gruau\\...')
#3 {main}
  thrown in C:\Users\gruau\OneDrive\Documents\Openclassroom\Projet 9\app\public\wp-content\themes\foce-child\front-page.php on line 29
[13-Aug-2023 16:30:37 UTC] PHP Warning:  Undefined variable $characters_query in C:\Users\gruau\OneDrive\Documents\Openclassroom\Projet 9\app\public\wp-content\themes\foce-child\front-page.php on line 28
[13-Aug-2023 16:30:37 UTC] PHP Warning:  Attempt to read property "posts" on null in C:\Users\gruau\OneDrive\Documents\Openclassroom\Projet 9\app\public\wp-content\themes\foce-child\front-page.php on line 28
[13-Aug-2023 16:30:37 UTC] PHP Warning:  Trying to access array offset on value of type null in C:\Users\gruau\OneDrive\Documents\Openclassroom\Projet 9\app\public\wp-content\themes\foce-child\front-page.php on line 28
[13-Aug-2023 16:30:37 UTC] PHP Warning:  Attempt to read property "ID" on null in C:\Users\gruau\OneDrive\Documents\Openclassroom\Projet 9\app\public\wp-content\themes\foce-child\front-page.php on line 30
[13-Aug-2023 16:30:37 UTC] PHP Warning:  Attempt to read property "post_title" on null in C:\Users\gruau\OneDrive\Documents\Openclassroom\Projet 9\app\public\wp-content\themes\foce-child\front-page.php on line 31
[13-Aug-2023 16:30:37 UTC] PHP Warning:  Undefined variable $characters_query in C:\Users\gruau\OneDrive\Documents\Openclassroom\Projet 9\app\public\wp-content\themes\foce-child\front-page.php on line 33
[13-Aug-2023 16:30:37 UTC] PHP Fatal error:  Uncaught Error: Call to a member function next_post() on null in C:\Users\gruau\OneDrive\Documents\Openclassroom\Projet 9\app\public\wp-content\themes\foce-child\front-page.php:33
Stack trace:
#0 C:\Users\gruau\OneDrive\Documents\Openclassroom\Projet 9\app\public\wp-includes\template-loader.php(106): include()
#1 C:\Users\gruau\OneDrive\Documents\Openclassroom\Projet 9\app\public\wp-blog-header.php(19): require_once('C:\\Users\\gruau\\...')
#2 C:\Users\gruau\OneDrive\Documents\Openclassroom\Projet 9\app\public\index.php(17): require('C:\\Users\\gruau\\...')
#3 {main}
  thrown in C:\Users\gruau\OneDrive\Documents\Openclassroom\Projet 9\app\public\wp-content\themes\foce-child\front-page.php on line 33
